2025-01-23 11:21:50.989 [main] ERROR c.niii.iot.watermetermvp.config.SshContextListener - SSH连接失败!
2025-01-23 11:25:15.276 [SpringApplicationShutdownHook] ERROR c.niii.iot.watermetermvp.config.SshContextListener - SSH断开失败!
2025-01-23 11:25:15.288 [task-1] ERROR o.s.a.i.SimpleAsyncUncaughtExceptionHandler - Unexpected exception occurred invoking async method: public void com.niii.iot.watermetermvp.netty.NettyServer.starter() throws java.lang.Exception
java.lang.InterruptedException: null
	at java.lang.Object.wait(Native Method)
	at java.lang.Object.wait(Object.java:502)
	at io.netty.util.concurrent.DefaultPromise.await(DefaultPromise.java:253)
	at io.netty.channel.DefaultChannelPromise.await(DefaultChannelPromise.java:131)
	at io.netty.channel.DefaultChannelPromise.await(DefaultChannelPromise.java:30)
	at io.netty.util.concurrent.DefaultPromise.sync(DefaultPromise.java:404)
	at io.netty.channel.DefaultChannelPromise.sync(DefaultChannelPromise.java:119)
	at io.netty.channel.DefaultChannelPromise.sync(DefaultChannelPromise.java:30)
	at com.niii.iot.watermetermvp.netty.NettyServer.starter(NettyServer.java:68)
	at com.niii.iot.watermetermvp.netty.NettyServer$$FastClassBySpringCGLIB$$80a2675a.invoke(<generated>)
	at org.springframework.cglib.proxy.MethodProxy.invoke(MethodProxy.java:218)
	at org.springframework.aop.framework.CglibAopProxy$CglibMethodInvocation.invokeJoinpoint(CglibAopProxy.java:783)
	at org.springframework.aop.framework.ReflectiveMethodInvocation.proceed(ReflectiveMethodInvocation.java:163)
	at org.springframework.aop.framework.CglibAopProxy$CglibMethodInvocation.proceed(CglibAopProxy.java:753)
	at org.springframework.aop.interceptor.AsyncExecutionInterceptor.lambda$invoke$0(AsyncExecutionInterceptor.java:115)
	at java.util.concurrent.FutureTask.run(FutureTask.java:266)
	at java.util.concurrent.ThreadPoolExecutor.runWorker(ThreadPoolExecutor.java:1142)
	at java.util.concurrent.ThreadPoolExecutor$Worker.run(ThreadPoolExecutor.java:617)
	at java.lang.Thread.run(Thread.java:745)
2025-01-23 11:25:22.375 [main] ERROR c.niii.iot.watermetermvp.config.SshContextListener - SSH连接失败!
2025-01-23 11:25:59.098 [SpringApplicationShutdownHook] ERROR c.niii.iot.watermetermvp.config.SshContextListener - SSH断开失败!
2025-01-23 11:25:59.106 [task-1] ERROR o.s.a.i.SimpleAsyncUncaughtExceptionHandler - Unexpected exception occurred invoking async method: public void com.niii.iot.watermetermvp.netty.NettyServer.starter() throws java.lang.Exception
java.lang.InterruptedException: null
	at java.lang.Object.wait(Native Method)
	at java.lang.Object.wait(Object.java:502)
	at io.netty.util.concurrent.DefaultPromise.await(DefaultPromise.java:253)
	at io.netty.channel.DefaultChannelPromise.await(DefaultChannelPromise.java:131)
	at io.netty.channel.DefaultChannelPromise.await(DefaultChannelPromise.java:30)
	at io.netty.util.concurrent.DefaultPromise.sync(DefaultPromise.java:404)
	at io.netty.channel.DefaultChannelPromise.sync(DefaultChannelPromise.java:119)
	at io.netty.channel.DefaultChannelPromise.sync(DefaultChannelPromise.java:30)
	at com.niii.iot.watermetermvp.netty.NettyServer.starter(NettyServer.java:68)
	at com.niii.iot.watermetermvp.netty.NettyServer$$FastClassBySpringCGLIB$$80a2675a.invoke(<generated>)
	at org.springframework.cglib.proxy.MethodProxy.invoke(MethodProxy.java:218)
	at org.springframework.aop.framework.CglibAopProxy$CglibMethodInvocation.invokeJoinpoint(CglibAopProxy.java:783)
	at org.springframework.aop.framework.ReflectiveMethodInvocation.proceed(ReflectiveMethodInvocation.java:163)
	at org.springframework.aop.framework.CglibAopProxy$CglibMethodInvocation.proceed(CglibAopProxy.java:753)
	at org.springframework.aop.interceptor.AsyncExecutionInterceptor.lambda$invoke$0(AsyncExecutionInterceptor.java:115)
	at java.util.concurrent.FutureTask.run$$$capture(FutureTask.java:266)
	at java.util.concurrent.FutureTask.run(FutureTask.java)
	at java.util.concurrent.ThreadPoolExecutor.runWorker(ThreadPoolExecutor.java:1142)
	at java.util.concurrent.ThreadPoolExecutor$Worker.run(ThreadPoolExecutor.java:617)
	at java.lang.Thread.run(Thread.java:745)
2025-01-23 11:26:04.138 [main] ERROR c.niii.iot.watermetermvp.config.SshContextListener - SSH连接失败!
2025-01-23 11:27:15.942 [SpringApplicationShutdownHook] ERROR c.niii.iot.watermetermvp.config.SshContextListener - SSH断开失败!
2025-01-23 11:27:15.952 [task-1] ERROR o.s.a.i.SimpleAsyncUncaughtExceptionHandler - Unexpected exception occurred invoking async method: public void com.niii.iot.watermetermvp.netty.NettyServer.starter() throws java.lang.Exception
java.lang.InterruptedException: null
	at java.lang.Object.wait(Native Method)
	at java.lang.Object.wait(Object.java:502)
	at io.netty.util.concurrent.DefaultPromise.await(DefaultPromise.java:253)
	at io.netty.channel.DefaultChannelPromise.await(DefaultChannelPromise.java:131)
	at io.netty.channel.DefaultChannelPromise.await(DefaultChannelPromise.java:30)
	at io.netty.util.concurrent.DefaultPromise.sync(DefaultPromise.java:404)
	at io.netty.channel.DefaultChannelPromise.sync(DefaultChannelPromise.java:119)
	at io.netty.channel.DefaultChannelPromise.sync(DefaultChannelPromise.java:30)
	at com.niii.iot.watermetermvp.netty.NettyServer.starter(NettyServer.java:68)
	at com.niii.iot.watermetermvp.netty.NettyServer$$FastClassBySpringCGLIB$$80a2675a.invoke(<generated>)
	at org.springframework.cglib.proxy.MethodProxy.invoke(MethodProxy.java:218)
	at org.springframework.aop.framework.CglibAopProxy$CglibMethodInvocation.invokeJoinpoint(CglibAopProxy.java:783)
	at org.springframework.aop.framework.ReflectiveMethodInvocation.proceed(ReflectiveMethodInvocation.java:163)
	at org.springframework.aop.framework.CglibAopProxy$CglibMethodInvocation.proceed(CglibAopProxy.java:753)
	at org.springframework.aop.interceptor.AsyncExecutionInterceptor.lambda$invoke$0(AsyncExecutionInterceptor.java:115)
	at java.util.concurrent.FutureTask.run$$$capture(FutureTask.java:266)
	at java.util.concurrent.FutureTask.run(FutureTask.java)
	at java.util.concurrent.ThreadPoolExecutor.runWorker(ThreadPoolExecutor.java:1142)
	at java.util.concurrent.ThreadPoolExecutor$Worker.run(ThreadPoolExecutor.java:617)
	at java.lang.Thread.run(Thread.java:745)
2025-01-23 11:27:22.566 [main] ERROR c.niii.iot.watermetermvp.config.SshContextListener - SSH连接失败!
2025-01-23 11:28:02.474 [SpringApplicationShutdownHook] ERROR c.niii.iot.watermetermvp.config.SshContextListener - SSH断开失败!
2025-01-23 11:28:02.483 [task-1] ERROR o.s.a.i.SimpleAsyncUncaughtExceptionHandler - Unexpected exception occurred invoking async method: public void com.niii.iot.watermetermvp.netty.NettyServer.starter() throws java.lang.Exception
java.lang.InterruptedException: null
	at java.lang.Object.wait(Native Method)
	at java.lang.Object.wait(Object.java:502)
	at io.netty.util.concurrent.DefaultPromise.await(DefaultPromise.java:253)
	at io.netty.channel.DefaultChannelPromise.await(DefaultChannelPromise.java:131)
	at io.netty.channel.DefaultChannelPromise.await(DefaultChannelPromise.java:30)
	at io.netty.util.concurrent.DefaultPromise.sync(DefaultPromise.java:404)
	at io.netty.channel.DefaultChannelPromise.sync(DefaultChannelPromise.java:119)
	at io.netty.channel.DefaultChannelPromise.sync(DefaultChannelPromise.java:30)
	at com.niii.iot.watermetermvp.netty.NettyServer.starter(NettyServer.java:68)
	at com.niii.iot.watermetermvp.netty.NettyServer$$FastClassBySpringCGLIB$$80a2675a.invoke(<generated>)
	at org.springframework.cglib.proxy.MethodProxy.invoke(MethodProxy.java:218)
	at org.springframework.aop.framework.CglibAopProxy$CglibMethodInvocation.invokeJoinpoint(CglibAopProxy.java:783)
	at org.springframework.aop.framework.ReflectiveMethodInvocation.proceed(ReflectiveMethodInvocation.java:163)
	at org.springframework.aop.framework.CglibAopProxy$CglibMethodInvocation.proceed(CglibAopProxy.java:753)
	at org.springframework.aop.interceptor.AsyncExecutionInterceptor.lambda$invoke$0(AsyncExecutionInterceptor.java:115)
	at java.util.concurrent.FutureTask.run$$$capture(FutureTask.java:266)
	at java.util.concurrent.FutureTask.run(FutureTask.java)
	at java.util.concurrent.ThreadPoolExecutor.runWorker(ThreadPoolExecutor.java:1142)
	at java.util.concurrent.ThreadPoolExecutor$Worker.run(ThreadPoolExecutor.java:617)
	at java.lang.Thread.run(Thread.java:745)
2025-01-23 11:28:14.686 [main] ERROR c.niii.iot.watermetermvp.config.SshContextListener - SSH连接失败!
2025-01-23 11:28:38.962 [SpringApplicationShutdownHook] ERROR c.niii.iot.watermetermvp.config.SshContextListener - SSH断开失败!
2025-01-23 11:28:38.977 [task-1] ERROR o.s.a.i.SimpleAsyncUncaughtExceptionHandler - Unexpected exception occurred invoking async method: public void com.niii.iot.watermetermvp.netty.NettyServer.starter() throws java.lang.Exception
java.lang.InterruptedException: null
	at java.lang.Object.wait(Native Method)
	at java.lang.Object.wait(Object.java:502)
	at io.netty.util.concurrent.DefaultPromise.await(DefaultPromise.java:253)
	at io.netty.channel.DefaultChannelPromise.await(DefaultChannelPromise.java:131)
	at io.netty.channel.DefaultChannelPromise.await(DefaultChannelPromise.java:30)
	at io.netty.util.concurrent.DefaultPromise.sync(DefaultPromise.java:404)
	at io.netty.channel.DefaultChannelPromise.sync(DefaultChannelPromise.java:119)
	at io.netty.channel.DefaultChannelPromise.sync(DefaultChannelPromise.java:30)
	at com.niii.iot.watermetermvp.netty.NettyServer.starter(NettyServer.java:68)
	at com.niii.iot.watermetermvp.netty.NettyServer$$FastClassBySpringCGLIB$$80a2675a.invoke(<generated>)
	at org.springframework.cglib.proxy.MethodProxy.invoke(MethodProxy.java:218)
	at org.springframework.aop.framework.CglibAopProxy$CglibMethodInvocation.invokeJoinpoint(CglibAopProxy.java:783)
	at org.springframework.aop.framework.ReflectiveMethodInvocation.proceed(ReflectiveMethodInvocation.java:163)
	at org.springframework.aop.framework.CglibAopProxy$CglibMethodInvocation.proceed(CglibAopProxy.java:753)
	at org.springframework.aop.interceptor.AsyncExecutionInterceptor.lambda$invoke$0(AsyncExecutionInterceptor.java:115)
	at java.util.concurrent.FutureTask.run$$$capture(FutureTask.java:266)
	at java.util.concurrent.FutureTask.run(FutureTask.java)
	at java.util.concurrent.ThreadPoolExecutor.runWorker(ThreadPoolExecutor.java:1142)
	at java.util.concurrent.ThreadPoolExecutor$Worker.run(ThreadPoolExecutor.java:617)
	at java.lang.Thread.run(Thread.java:745)
2025-01-23 11:28:44.604 [main] ERROR c.niii.iot.watermetermvp.config.SshContextListener - SSH连接失败!
2025-01-23 11:30:15.422 [SpringApplicationShutdownHook] ERROR c.niii.iot.watermetermvp.config.SshContextListener - SSH断开失败!
2025-01-23 11:30:15.431 [task-1] ERROR o.s.a.i.SimpleAsyncUncaughtExceptionHandler - Unexpected exception occurred invoking async method: public void com.niii.iot.watermetermvp.netty.NettyServer.starter() throws java.lang.Exception
java.lang.InterruptedException: null
	at java.lang.Object.wait(Native Method)
	at java.lang.Object.wait(Object.java:502)
	at io.netty.util.concurrent.DefaultPromise.await(DefaultPromise.java:253)
	at io.netty.channel.DefaultChannelPromise.await(DefaultChannelPromise.java:131)
	at io.netty.channel.DefaultChannelPromise.await(DefaultChannelPromise.java:30)
	at io.netty.util.concurrent.DefaultPromise.sync(DefaultPromise.java:404)
	at io.netty.channel.DefaultChannelPromise.sync(DefaultChannelPromise.java:119)
	at io.netty.channel.DefaultChannelPromise.sync(DefaultChannelPromise.java:30)
	at com.niii.iot.watermetermvp.netty.NettyServer.starter(NettyServer.java:68)
	at com.niii.iot.watermetermvp.netty.NettyServer$$FastClassBySpringCGLIB$$80a2675a.invoke(<generated>)
	at org.springframework.cglib.proxy.MethodProxy.invoke(MethodProxy.java:218)
	at org.springframework.aop.framework.CglibAopProxy$CglibMethodInvocation.invokeJoinpoint(CglibAopProxy.java:783)
	at org.springframework.aop.framework.ReflectiveMethodInvocation.proceed(ReflectiveMethodInvocation.java:163)
	at org.springframework.aop.framework.CglibAopProxy$CglibMethodInvocation.proceed(CglibAopProxy.java:753)
	at org.springframework.aop.interceptor.AsyncExecutionInterceptor.lambda$invoke$0(AsyncExecutionInterceptor.java:115)
	at java.util.concurrent.FutureTask.run$$$capture(FutureTask.java:266)
	at java.util.concurrent.FutureTask.run(FutureTask.java)
	at java.util.concurrent.ThreadPoolExecutor.runWorker(ThreadPoolExecutor.java:1142)
	at java.util.concurrent.ThreadPoolExecutor$Worker.run(ThreadPoolExecutor.java:617)
	at java.lang.Thread.run(Thread.java:745)
2025-01-23 11:30:20.980 [main] ERROR c.niii.iot.watermetermvp.config.SshContextListener - SSH连接失败!
2025-01-23 11:37:32.996 [main] ERROR c.niii.iot.watermetermvp.config.SshContextListener - SSH连接失败!
2025-01-23 11:38:19.647 [SpringApplicationShutdownHook] ERROR c.niii.iot.watermetermvp.config.SshContextListener - SSH断开失败!
2025-01-23 11:38:19.656 [task-1] ERROR o.s.a.i.SimpleAsyncUncaughtExceptionHandler - Unexpected exception occurred invoking async method: public void com.niii.iot.watermetermvp.netty.NettyServer.starter() throws java.lang.Exception
java.lang.InterruptedException: null
	at java.lang.Object.wait(Native Method)
	at java.lang.Object.wait(Object.java:502)
	at io.netty.util.concurrent.DefaultPromise.await(DefaultPromise.java:253)
	at io.netty.channel.DefaultChannelPromise.await(DefaultChannelPromise.java:131)
	at io.netty.channel.DefaultChannelPromise.await(DefaultChannelPromise.java:30)
	at io.netty.util.concurrent.DefaultPromise.sync(DefaultPromise.java:404)
	at io.netty.channel.DefaultChannelPromise.sync(DefaultChannelPromise.java:119)
	at io.netty.channel.DefaultChannelPromise.sync(DefaultChannelPromise.java:30)
	at com.niii.iot.watermetermvp.netty.NettyServer.starter(NettyServer.java:68)
	at com.niii.iot.watermetermvp.netty.NettyServer$$FastClassBySpringCGLIB$$80a2675a.invoke(<generated>)
	at org.springframework.cglib.proxy.MethodProxy.invoke(MethodProxy.java:218)
	at org.springframework.aop.framework.CglibAopProxy$CglibMethodInvocation.invokeJoinpoint(CglibAopProxy.java:783)
	at org.springframework.aop.framework.ReflectiveMethodInvocation.proceed(ReflectiveMethodInvocation.java:163)
	at org.springframework.aop.framework.CglibAopProxy$CglibMethodInvocation.proceed(CglibAopProxy.java:753)
	at org.springframework.aop.interceptor.AsyncExecutionInterceptor.lambda$invoke$0(AsyncExecutionInterceptor.java:115)
	at java.util.concurrent.FutureTask.run$$$capture(FutureTask.java:266)
	at java.util.concurrent.FutureTask.run(FutureTask.java)
	at java.util.concurrent.ThreadPoolExecutor.runWorker(ThreadPoolExecutor.java:1142)
	at java.util.concurrent.ThreadPoolExecutor$Worker.run(ThreadPoolExecutor.java:617)
	at java.lang.Thread.run(Thread.java:745)
2025-01-23 11:38:28.363 [main] ERROR c.niii.iot.watermetermvp.config.SshContextListener - SSH连接失败!
2025-01-23 11:42:01.899 [SpringApplicationShutdownHook] ERROR c.niii.iot.watermetermvp.config.SshContextListener - SSH断开失败!
2025-01-23 11:42:01.914 [task-1] ERROR o.s.a.i.SimpleAsyncUncaughtExceptionHandler - Unexpected exception occurred invoking async method: public void com.niii.iot.watermetermvp.netty.NettyServer.starter() throws java.lang.Exception
java.lang.InterruptedException: null
	at java.lang.Object.wait(Native Method)
	at java.lang.Object.wait(Object.java:502)
	at io.netty.util.concurrent.DefaultPromise.await(DefaultPromise.java:253)
	at io.netty.channel.DefaultChannelPromise.await(DefaultChannelPromise.java:131)
	at io.netty.channel.DefaultChannelPromise.await(DefaultChannelPromise.java:30)
	at io.netty.util.concurrent.DefaultPromise.sync(DefaultPromise.java:404)
	at io.netty.channel.DefaultChannelPromise.sync(DefaultChannelPromise.java:119)
	at io.netty.channel.DefaultChannelPromise.sync(DefaultChannelPromise.java:30)
	at com.niii.iot.watermetermvp.netty.NettyServer.starter(NettyServer.java:68)
	at com.niii.iot.watermetermvp.netty.NettyServer$$FastClassBySpringCGLIB$$80a2675a.invoke(<generated>)
	at org.springframework.cglib.proxy.MethodProxy.invoke(MethodProxy.java:218)
	at org.springframework.aop.framework.CglibAopProxy$CglibMethodInvocation.invokeJoinpoint(CglibAopProxy.java:783)
	at org.springframework.aop.framework.ReflectiveMethodInvocation.proceed(ReflectiveMethodInvocation.java:163)
	at org.springframework.aop.framework.CglibAopProxy$CglibMethodInvocation.proceed(CglibAopProxy.java:753)
	at org.springframework.aop.interceptor.AsyncExecutionInterceptor.lambda$invoke$0(AsyncExecutionInterceptor.java:115)
	at java.util.concurrent.FutureTask.run$$$capture(FutureTask.java:266)
	at java.util.concurrent.FutureTask.run(FutureTask.java)
	at java.util.concurrent.ThreadPoolExecutor.runWorker(ThreadPoolExecutor.java:1142)
	at java.util.concurrent.ThreadPoolExecutor$Worker.run(ThreadPoolExecutor.java:617)
	at java.lang.Thread.run(Thread.java:745)
2025-01-23 11:42:07.644 [main] ERROR c.niii.iot.watermetermvp.config.SshContextListener - SSH连接失败!
2025-01-23 11:45:47.332 [SpringApplicationShutdownHook] ERROR c.niii.iot.watermetermvp.config.SshContextListener - SSH断开失败!
2025-01-23 11:45:47.350 [task-1] ERROR o.s.a.i.SimpleAsyncUncaughtExceptionHandler - Unexpected exception occurred invoking async method: public void com.niii.iot.watermetermvp.netty.NettyServer.starter() throws java.lang.Exception
java.lang.InterruptedException: null
	at java.lang.Object.wait(Native Method)
	at java.lang.Object.wait(Object.java:502)
	at io.netty.util.concurrent.DefaultPromise.await(DefaultPromise.java:253)
	at io.netty.channel.DefaultChannelPromise.await(DefaultChannelPromise.java:131)
	at io.netty.channel.DefaultChannelPromise.await(DefaultChannelPromise.java:30)
	at io.netty.util.concurrent.DefaultPromise.sync(DefaultPromise.java:404)
	at io.netty.channel.DefaultChannelPromise.sync(DefaultChannelPromise.java:119)
	at io.netty.channel.DefaultChannelPromise.sync(DefaultChannelPromise.java:30)
	at com.niii.iot.watermetermvp.netty.NettyServer.starter(NettyServer.java:68)
	at com.niii.iot.watermetermvp.netty.NettyServer$$FastClassBySpringCGLIB$$80a2675a.invoke(<generated>)
	at org.springframework.cglib.proxy.MethodProxy.invoke(MethodProxy.java:218)
	at org.springframework.aop.framework.CglibAopProxy$CglibMethodInvocation.invokeJoinpoint(CglibAopProxy.java:783)
	at org.springframework.aop.framework.ReflectiveMethodInvocation.proceed(ReflectiveMethodInvocation.java:163)
	at org.springframework.aop.framework.CglibAopProxy$CglibMethodInvocation.proceed(CglibAopProxy.java:753)
	at org.springframework.aop.interceptor.AsyncExecutionInterceptor.lambda$invoke$0(AsyncExecutionInterceptor.java:115)
	at java.util.concurrent.FutureTask.run$$$capture(FutureTask.java:266)
	at java.util.concurrent.FutureTask.run(FutureTask.java)
	at java.util.concurrent.ThreadPoolExecutor.runWorker(ThreadPoolExecutor.java:1142)
	at java.util.concurrent.ThreadPoolExecutor$Worker.run(ThreadPoolExecutor.java:617)
	at java.lang.Thread.run(Thread.java:745)
2025-01-23 11:45:54.327 [main] ERROR c.niii.iot.watermetermvp.config.SshContextListener - SSH连接失败!
2025-01-23 12:16:29.126 [SpringApplicationShutdownHook] ERROR c.niii.iot.watermetermvp.config.SshContextListener - SSH断开失败!
2025-01-23 12:16:29.135 [task-1] ERROR o.s.a.i.SimpleAsyncUncaughtExceptionHandler - Unexpected exception occurred invoking async method: public void com.niii.iot.watermetermvp.netty.NettyServer.starter() throws java.lang.Exception
java.lang.InterruptedException: null
	at java.lang.Object.wait(Native Method)
	at java.lang.Object.wait(Object.java:502)
	at io.netty.util.concurrent.DefaultPromise.await(DefaultPromise.java:253)
	at io.netty.channel.DefaultChannelPromise.await(DefaultChannelPromise.java:131)
	at io.netty.channel.DefaultChannelPromise.await(DefaultChannelPromise.java:30)
	at io.netty.util.concurrent.DefaultPromise.sync(DefaultPromise.java:404)
	at io.netty.channel.DefaultChannelPromise.sync(DefaultChannelPromise.java:119)
	at io.netty.channel.DefaultChannelPromise.sync(DefaultChannelPromise.java:30)
	at com.niii.iot.watermetermvp.netty.NettyServer.starter(NettyServer.java:68)
	at com.niii.iot.watermetermvp.netty.NettyServer$$FastClassBySpringCGLIB$$80a2675a.invoke(<generated>)
	at org.springframework.cglib.proxy.MethodProxy.invoke(MethodProxy.java:218)
	at org.springframework.aop.framework.CglibAopProxy$CglibMethodInvocation.invokeJoinpoint(CglibAopProxy.java:783)
	at org.springframework.aop.framework.ReflectiveMethodInvocation.proceed(ReflectiveMethodInvocation.java:163)
	at org.springframework.aop.framework.CglibAopProxy$CglibMethodInvocation.proceed(CglibAopProxy.java:753)
	at org.springframework.aop.interceptor.AsyncExecutionInterceptor.lambda$invoke$0(AsyncExecutionInterceptor.java:115)
	at java.util.concurrent.FutureTask.run$$$capture(FutureTask.java:266)
	at java.util.concurrent.FutureTask.run(FutureTask.java)
	at java.util.concurrent.ThreadPoolExecutor.runWorker(ThreadPoolExecutor.java:1142)
	at java.util.concurrent.ThreadPoolExecutor$Worker.run(ThreadPoolExecutor.java:617)
	at java.lang.Thread.run(Thread.java:745)
2025-01-23 12:16:34.883 [main] ERROR c.niii.iot.watermetermvp.config.SshContextListener - SSH连接失败!
2025-01-23 12:19:48.197 [SpringApplicationShutdownHook] ERROR c.niii.iot.watermetermvp.config.SshContextListener - SSH断开失败!
2025-01-23 12:19:48.216 [task-1] ERROR o.s.a.i.SimpleAsyncUncaughtExceptionHandler - Unexpected exception occurred invoking async method: public void com.niii.iot.watermetermvp.netty.NettyServer.starter() throws java.lang.Exception
java.lang.InterruptedException: null
	at java.lang.Object.wait(Native Method)
	at java.lang.Object.wait(Object.java:502)
	at io.netty.util.concurrent.DefaultPromise.await(DefaultPromise.java:253)
	at io.netty.channel.DefaultChannelPromise.await(DefaultChannelPromise.java:131)
	at io.netty.channel.DefaultChannelPromise.await(DefaultChannelPromise.java:30)
	at io.netty.util.concurrent.DefaultPromise.sync(DefaultPromise.java:404)
	at io.netty.channel.DefaultChannelPromise.sync(DefaultChannelPromise.java:119)
	at io.netty.channel.DefaultChannelPromise.sync(DefaultChannelPromise.java:30)
	at com.niii.iot.watermetermvp.netty.NettyServer.starter(NettyServer.java:68)
	at com.niii.iot.watermetermvp.netty.NettyServer$$FastClassBySpringCGLIB$$80a2675a.invoke(<generated>)
	at org.springframework.cglib.proxy.MethodProxy.invoke(MethodProxy.java:218)
	at org.springframework.aop.framework.CglibAopProxy$CglibMethodInvocation.invokeJoinpoint(CglibAopProxy.java:783)
	at org.springframework.aop.framework.ReflectiveMethodInvocation.proceed(ReflectiveMethodInvocation.java:163)
	at org.springframework.aop.framework.CglibAopProxy$CglibMethodInvocation.proceed(CglibAopProxy.java:753)
	at org.springframework.aop.interceptor.AsyncExecutionInterceptor.lambda$invoke$0(AsyncExecutionInterceptor.java:115)
	at java.util.concurrent.FutureTask.run$$$capture(FutureTask.java:266)
	at java.util.concurrent.FutureTask.run(FutureTask.java)
	at java.util.concurrent.ThreadPoolExecutor.runWorker(ThreadPoolExecutor.java:1142)
	at java.util.concurrent.ThreadPoolExecutor$Worker.run(ThreadPoolExecutor.java:617)
	at java.lang.Thread.run(Thread.java:745)
2025-01-23 12:19:53.223 [main] ERROR c.niii.iot.watermetermvp.config.SshContextListener - SSH连接失败!
2025-01-23 12:28:05.734 [SpringApplicationShutdownHook] ERROR c.niii.iot.watermetermvp.config.SshContextListener - SSH断开失败!
2025-01-23 12:28:05.742 [task-1] ERROR o.s.a.i.SimpleAsyncUncaughtExceptionHandler - Unexpected exception occurred invoking async method: public void com.niii.iot.watermetermvp.netty.NettyServer.starter() throws java.lang.Exception
java.lang.InterruptedException: null
	at java.lang.Object.wait(Native Method)
	at java.lang.Object.wait(Object.java:502)
	at io.netty.util.concurrent.DefaultPromise.await(DefaultPromise.java:253)
	at io.netty.channel.DefaultChannelPromise.await(DefaultChannelPromise.java:131)
	at io.netty.channel.DefaultChannelPromise.await(DefaultChannelPromise.java:30)
	at io.netty.util.concurrent.DefaultPromise.sync(DefaultPromise.java:404)
	at io.netty.channel.DefaultChannelPromise.sync(DefaultChannelPromise.java:119)
	at io.netty.channel.DefaultChannelPromise.sync(DefaultChannelPromise.java:30)
	at com.niii.iot.watermetermvp.netty.NettyServer.starter(NettyServer.java:68)
	at com.niii.iot.watermetermvp.netty.NettyServer$$FastClassBySpringCGLIB$$80a2675a.invoke(<generated>)
	at org.springframework.cglib.proxy.MethodProxy.invoke(MethodProxy.java:218)
	at org.springframework.aop.framework.CglibAopProxy$CglibMethodInvocation.invokeJoinpoint(CglibAopProxy.java:783)
	at org.springframework.aop.framework.ReflectiveMethodInvocation.proceed(ReflectiveMethodInvocation.java:163)
	at org.springframework.aop.framework.CglibAopProxy$CglibMethodInvocation.proceed(CglibAopProxy.java:753)
	at org.springframework.aop.interceptor.AsyncExecutionInterceptor.lambda$invoke$0(AsyncExecutionInterceptor.java:115)
	at java.util.concurrent.FutureTask.run$$$capture(FutureTask.java:266)
	at java.util.concurrent.FutureTask.run(FutureTask.java)
	at java.util.concurrent.ThreadPoolExecutor.runWorker(ThreadPoolExecutor.java:1142)
	at java.util.concurrent.ThreadPoolExecutor$Worker.run(ThreadPoolExecutor.java:617)
	at java.lang.Thread.run(Thread.java:745)
2025-01-23 12:28:13.403 [main] ERROR c.niii.iot.watermetermvp.config.SshContextListener - SSH连接失败!
2025-01-23 12:28:41.504 [HikariPool-1 connection adder] ERROR com.zaxxer.hikari.pool.HikariPool - HikariPool-1 - Error thrown while acquiring connection from data source
com.mysql.cj.jdbc.exceptions.CommunicationsException: Communications link failure

The last packet successfully received from the server was 7,646 milliseconds ago.  The last packet sent successfully to the server was 7,646 milliseconds ago.
	at com.mysql.cj.jdbc.exceptions.SQLError.createCommunicationsException(SQLError.java:172)
	at com.mysql.cj.jdbc.exceptions.SQLExceptionsMapping.translateException(SQLExceptionsMapping.java:64)
	at com.mysql.cj.jdbc.ConnectionImpl.isReadOnly(ConnectionImpl.java:1518)
	at com.mysql.cj.jdbc.ConnectionImpl.isReadOnly(ConnectionImpl.java:1487)
	at com.zaxxer.hikari.pool.PoolBase.setupConnection(PoolBase.java:408)
	at com.zaxxer.hikari.pool.PoolBase.newConnection(PoolBase.java:369)
	at com.zaxxer.hikari.pool.PoolBase.newPoolEntry(PoolBase.java:206)
	at com.zaxxer.hikari.pool.HikariPool.createPoolEntry(HikariPool.java:476)
	at com.zaxxer.hikari.pool.HikariPool.access$100(HikariPool.java:71)
	at com.zaxxer.hikari.pool.HikariPool$PoolEntryCreator.call(HikariPool.java:726)
	at com.zaxxer.hikari.pool.HikariPool$PoolEntryCreator.call(HikariPool.java:712)
	at java.util.concurrent.FutureTask.run$$$capture(FutureTask.java:266)
	at java.util.concurrent.FutureTask.run(FutureTask.java)
	at java.util.concurrent.ThreadPoolExecutor.runWorker(ThreadPoolExecutor.java:1142)
	at java.util.concurrent.ThreadPoolExecutor$Worker.run(ThreadPoolExecutor.java:617)
	at java.lang.Thread.run(Thread.java:745)
Caused by: com.mysql.cj.exceptions.CJCommunicationsException: Communications link failure

The last packet successfully received from the server was 7,646 milliseconds ago.  The last packet sent successfully to the server was 7,646 milliseconds ago.
	at sun.reflect.NativeConstructorAccessorImpl.newInstance0(Native Method)
	at sun.reflect.NativeConstructorAccessorImpl.newInstance(NativeConstructorAccessorImpl.java:62)
	at sun.reflect.DelegatingConstructorAccessorImpl.newInstance(DelegatingConstructorAccessorImpl.java:45)
	at java.lang.reflect.Constructor.newInstance(Constructor.java:423)
	at com.mysql.cj.exceptions.ExceptionFactory.createException(ExceptionFactory.java:59)
	at com.mysql.cj.exceptions.ExceptionFactory.createException(ExceptionFactory.java:103)
	at com.mysql.cj.exceptions.ExceptionFactory.createException(ExceptionFactory.java:149)
	at com.mysql.cj.exceptions.ExceptionFactory.createCommunicationsException(ExceptionFactory.java:165)
	at com.mysql.cj.protocol.a.NativeProtocol.readMessage(NativeProtocol.java:563)
	at com.mysql.cj.protocol.a.NativeProtocol.checkErrorMessage(NativeProtocol.java:735)
	at com.mysql.cj.protocol.a.NativeProtocol.sendCommand(NativeProtocol.java:674)
	at com.mysql.cj.protocol.a.NativeProtocol.sendCommand(NativeProtocol.java:135)
	at com.mysql.cj.NativeSession.sendCommand(NativeSession.java:319)
	at com.mysql.cj.NativeSession.queryServerVariable(NativeSession.java:1099)
	at com.mysql.cj.jdbc.ConnectionImpl.isReadOnly(ConnectionImpl.java:1505)
	... 13 common frames omitted
Caused by: java.net.SocketTimeoutException: Read timed out
	at java.net.SocketInputStream.socketRead0(Native Method)
	at java.net.SocketInputStream.socketRead(SocketInputStream.java:116)
	at java.net.SocketInputStream.read(SocketInputStream.java:170)
	at java.net.SocketInputStream.read(SocketInputStream.java:141)
	at com.mysql.cj.protocol.ReadAheadInputStream.fill(ReadAheadInputStream.java:107)
	at com.mysql.cj.protocol.ReadAheadInputStream.readFromUnderlyingStreamIfNecessary(ReadAheadInputStream.java:150)
	at com.mysql.cj.protocol.ReadAheadInputStream.read(ReadAheadInputStream.java:180)
	at java.io.FilterInputStream.read(FilterInputStream.java:133)
	at com.mysql.cj.protocol.FullReadInputStream.readFully(FullReadInputStream.java:64)
	at com.mysql.cj.protocol.a.SimplePacketReader.readHeader(SimplePacketReader.java:63)
	at com.mysql.cj.protocol.a.SimplePacketReader.readHeader(SimplePacketReader.java:45)
	at com.mysql.cj.protocol.a.TimeTrackingPacketReader.readHeader(TimeTrackingPacketReader.java:52)
	at com.mysql.cj.protocol.a.TimeTrackingPacketReader.readHeader(TimeTrackingPacketReader.java:41)
	at com.mysql.cj.protocol.a.MultiPacketReader.readHeader(MultiPacketReader.java:54)
	at com.mysql.cj.protocol.a.MultiPacketReader.readHeader(MultiPacketReader.java:44)
	at com.mysql.cj.protocol.a.NativeProtocol.readMessage(NativeProtocol.java:557)
	... 19 common frames omitted
2025-01-23 13:49:55.581 [SpringApplicationShutdownHook] ERROR c.niii.iot.watermetermvp.config.SshContextListener - SSH断开失败!
2025-01-23 13:49:55.600 [task-1] ERROR o.s.a.i.SimpleAsyncUncaughtExceptionHandler - Unexpected exception occurred invoking async method: public void com.niii.iot.watermetermvp.netty.NettyServer.starter() throws java.lang.Exception
java.lang.InterruptedException: null
	at java.lang.Object.wait(Native Method)
	at java.lang.Object.wait(Object.java:502)
	at io.netty.util.concurrent.DefaultPromise.await(DefaultPromise.java:253)
	at io.netty.channel.DefaultChannelPromise.await(DefaultChannelPromise.java:131)
	at io.netty.channel.DefaultChannelPromise.await(DefaultChannelPromise.java:30)
	at io.netty.util.concurrent.DefaultPromise.sync(DefaultPromise.java:404)
	at io.netty.channel.DefaultChannelPromise.sync(DefaultChannelPromise.java:119)
	at io.netty.channel.DefaultChannelPromise.sync(DefaultChannelPromise.java:30)
	at com.niii.iot.watermetermvp.netty.NettyServer.starter(NettyServer.java:68)
	at com.niii.iot.watermetermvp.netty.NettyServer$$FastClassBySpringCGLIB$$80a2675a.invoke(<generated>)
	at org.springframework.cglib.proxy.MethodProxy.invoke(MethodProxy.java:218)
	at org.springframework.aop.framework.CglibAopProxy$CglibMethodInvocation.invokeJoinpoint(CglibAopProxy.java:783)
	at org.springframework.aop.framework.ReflectiveMethodInvocation.proceed(ReflectiveMethodInvocation.java:163)
	at org.springframework.aop.framework.CglibAopProxy$CglibMethodInvocation.proceed(CglibAopProxy.java:753)
	at org.springframework.aop.interceptor.AsyncExecutionInterceptor.lambda$invoke$0(AsyncExecutionInterceptor.java:115)
	at java.util.concurrent.FutureTask.run$$$capture(FutureTask.java:266)
	at java.util.concurrent.FutureTask.run(FutureTask.java)
	at java.util.concurrent.ThreadPoolExecutor.runWorker(ThreadPoolExecutor.java:1142)
	at java.util.concurrent.ThreadPoolExecutor$Worker.run(ThreadPoolExecutor.java:617)
	at java.lang.Thread.run(Thread.java:745)
