2025-02-24 07:47:05.844 [main] INFO  c.niii.iot.watermetermvp.WaterMeterMvpApplication - Starting WaterMeterMvpApplication using Java 1.8.0_92 on DESKTOP-12LKTUN with PID 21444 (D:\niii_code\java_backend\water-meter-2.0\target\classes started by jinlong in D:\niii_code\java_backend\water-meter-2.0)
2025-02-24 07:47:05.837 [background-preinit] INFO  org.hibernate.validator.internal.util.Version - HV000001: Hibernate Validator 6.2.0.Final
2025-02-24 07:47:05.845 [main] INFO  c.niii.iot.watermetermvp.WaterMeterMvpApplication - The following profiles are active: dev
2025-02-24 07:47:06.845 [main] INFO  o.s.d.r.config.RepositoryConfigurationDelegate - Multiple Spring Data modules found, entering strict repository configuration mode!
2025-02-24 07:47:06.848 [main] INFO  o.s.d.r.config.RepositoryConfigurationDelegate - Bootstrapping Spring Data Redis repositories in DEFAULT mode.
2025-02-24 07:47:06.881 [main] INFO  o.s.d.r.config.RepositoryConfigurationDelegate - Finished Spring Data repository scanning in 14 ms. Found 0 Redis repository interfaces.
2025-02-24 07:47:07.463 [main] INFO  o.s.boot.web.embedded.tomcat.TomcatWebServer - Tomcat initialized with port(s): 56666 (http)
2025-02-24 07:47:07.471 [main] INFO  org.apache.coyote.http11.Http11NioProtocol - Initializing ProtocolHandler ["http-nio-56666"]
2025-02-24 07:47:07.472 [main] INFO  org.apache.catalina.core.StandardService - Starting service [Tomcat]
2025-02-24 07:47:07.472 [main] INFO  org.apache.catalina.core.StandardEngine - Starting Servlet engine: [Apache Tomcat/9.0.54]
2025-02-24 07:47:07.626 [main] INFO  o.a.c.core.ContainerBase.[Tomcat].[localhost].[/] - Initializing Spring embedded WebApplicationContext
2025-02-24 07:47:07.627 [main] INFO  o.s.b.w.s.c.ServletWebServerApplicationContext - Root WebApplicationContext: initialization completed in 1701 ms
2025-02-24 07:47:08.068 [main] INFO  c.niii.iot.watermetermvp.config.SshContextListener - 成功建立SSH连接!
2025-02-24 07:47:10.071 [main] INFO  org.apache.coyote.http11.Http11NioProtocol - Starting ProtocolHandler ["http-nio-56666"]
2025-02-24 07:47:10.079 [main] INFO  o.s.boot.web.embedded.tomcat.TomcatWebServer - Tomcat started on port(s): 56666 (http) with context path ''
2025-02-24 07:47:10.346 [main] INFO  c.niii.iot.watermetermvp.WaterMeterMvpApplication - Started WaterMeterMvpApplication in 5.009 seconds (JVM running for 5.663)
2025-02-24 07:47:10.353 [main] INFO  c.niii.iot.watermetermvp.WaterMeterMvpApplication - netty 启动成功 port:9678
2025-02-24 07:47:10.354 [main] INFO  c.niii.iot.watermetermvp.WaterMeterMvpApplication - 
	----------------------------------------------------------
	Application nbwater is running! Access URLs:
	Local: 		http://localhost:56666
	External: 	http://10.50.7.22:56666
	Knife4j:  	http://10.50.7.22:56666/doc.html
	----------------------------------------------------------
2025-02-24 07:47:44.223 [http-nio-56666-exec-1] INFO  o.a.c.core.ContainerBase.[Tomcat].[localhost].[/] - Initializing Spring DispatcherServlet 'dispatcherServlet'
2025-02-24 07:47:44.223 [http-nio-56666-exec-1] INFO  org.springframework.web.servlet.DispatcherServlet - Initializing Servlet 'dispatcherServlet'
2025-02-24 07:47:44.224 [http-nio-56666-exec-1] INFO  org.springframework.web.servlet.DispatcherServlet - Completed initialization in 1 ms
2025-02-24 07:47:44.294 [http-nio-56666-exec-1] INFO  com.zaxxer.hikari.HikariDataSource - HikariPool-1 - Starting...
2025-02-24 07:47:44.586 [http-nio-56666-exec-1] INFO  com.zaxxer.hikari.HikariDataSource - HikariPool-1 - Start completed.
2025-02-24 11:36:29.963 [background-preinit] INFO  org.hibernate.validator.internal.util.Version - HV000001: Hibernate Validator 6.2.0.Final
2025-02-24 11:36:29.969 [main] INFO  com.qxxjl.wed.QXXApplication - Starting QXXApplication using Java 1.8.0_92 on DESKTOP-12LKTUN with PID 28824 (D:\java_project\QXX&&JL\target\classes started by jinlong in D:\java_project\QXX&&JL)
2025-02-24 11:36:29.970 [main] INFO  com.qxxjl.wed.QXXApplication - The following profiles are active: dev
2025-02-24 11:36:30.796 [main] INFO  o.s.d.r.config.RepositoryConfigurationDelegate - Multiple Spring Data modules found, entering strict repository configuration mode!
2025-02-24 11:36:30.799 [main] INFO  o.s.d.r.config.RepositoryConfigurationDelegate - Bootstrapping Spring Data Redis repositories in DEFAULT mode.
2025-02-24 11:36:30.822 [main] INFO  o.s.d.r.config.RepositoryConfigurationDelegate - Finished Spring Data repository scanning in 7 ms. Found 0 Redis repository interfaces.
2025-02-24 11:36:31.336 [main] INFO  o.s.boot.web.embedded.tomcat.TomcatWebServer - Tomcat initialized with port(s): 1000 (http)
2025-02-24 11:36:31.374 [main] INFO  org.apache.coyote.http11.Http11NioProtocol - Initializing ProtocolHandler ["http-nio-1000"]
2025-02-24 11:36:31.374 [main] INFO  org.apache.catalina.core.StandardService - Starting service [Tomcat]
2025-02-24 11:36:31.374 [main] INFO  org.apache.catalina.core.StandardEngine - Starting Servlet engine: [Apache Tomcat/9.0.54]
2025-02-24 11:36:31.478 [main] INFO  o.a.c.core.ContainerBase.[Tomcat].[localhost].[/] - Initializing Spring embedded WebApplicationContext
2025-02-24 11:36:31.478 [main] INFO  o.s.b.w.s.c.ServletWebServerApplicationContext - Root WebApplicationContext: initialization completed in 1444 ms
2025-02-24 11:36:33.140 [main] INFO  org.apache.coyote.http11.Http11NioProtocol - Starting ProtocolHandler ["http-nio-1000"]
2025-02-24 11:36:33.149 [main] INFO  o.s.boot.web.embedded.tomcat.TomcatWebServer - Tomcat started on port(s): 1000 (http) with context path ''
2025-02-24 11:36:33.293 [main] INFO  com.qxxjl.wed.QXXApplication - Started QXXApplication in 3.768 seconds (JVM running for 4.436)
2025-02-24 11:36:33.296 [main] INFO  com.qxxjl.wed.QXXApplication - 
	----------------------------------------------------------
	Application nbwater is running! Access URLs:
	Local: 		http://localhost:1000
	External: 	http://10.50.7.22:1000
	Knife4j:  	http://10.50.7.22:1000/doc.html
	----------------------------------------------------------
2025-02-24 15:48:09.622 [background-preinit] INFO  org.hibernate.validator.internal.util.Version - HV000001: Hibernate Validator 6.2.0.Final
2025-02-24 15:48:09.626 [main] INFO  com.qxxjl.wed.QXXApplication - Starting QXXApplication using Java 1.8.0_92 on DESKTOP-12LKTUN with PID 11688 (D:\java_project\QXX&&JL\target\classes started by jinlong in D:\java_project\QXX&&JL)
2025-02-24 15:48:09.627 [main] INFO  com.qxxjl.wed.QXXApplication - The following profiles are active: dev
2025-02-24 15:48:10.409 [main] INFO  o.s.d.r.config.RepositoryConfigurationDelegate - Multiple Spring Data modules found, entering strict repository configuration mode!
2025-02-24 15:48:10.411 [main] INFO  o.s.d.r.config.RepositoryConfigurationDelegate - Bootstrapping Spring Data Redis repositories in DEFAULT mode.
2025-02-24 15:48:10.435 [main] INFO  o.s.d.r.config.RepositoryConfigurationDelegate - Finished Spring Data repository scanning in 8 ms. Found 0 Redis repository interfaces.
2025-02-24 15:48:10.945 [main] INFO  o.s.boot.web.embedded.tomcat.TomcatWebServer - Tomcat initialized with port(s): 1000 (http)
2025-02-24 15:48:10.983 [main] INFO  org.apache.coyote.http11.Http11NioProtocol - Initializing ProtocolHandler ["http-nio-1000"]
2025-02-24 15:48:10.984 [main] INFO  org.apache.catalina.core.StandardService - Starting service [Tomcat]
2025-02-24 15:48:10.984 [main] INFO  org.apache.catalina.core.StandardEngine - Starting Servlet engine: [Apache Tomcat/9.0.54]
2025-02-24 15:48:11.086 [main] INFO  o.a.c.core.ContainerBase.[Tomcat].[localhost].[/] - Initializing Spring embedded WebApplicationContext
2025-02-24 15:48:11.086 [main] INFO  o.s.b.w.s.c.ServletWebServerApplicationContext - Root WebApplicationContext: initialization completed in 1397 ms
2025-02-24 15:48:12.223 [main] INFO  org.apache.coyote.http11.Http11NioProtocol - Starting ProtocolHandler ["http-nio-1000"]
2025-02-24 15:48:12.232 [main] INFO  o.s.boot.web.embedded.tomcat.TomcatWebServer - Tomcat started on port(s): 1000 (http) with context path ''
2025-02-24 15:48:12.399 [main] INFO  com.qxxjl.wed.QXXApplication - Started QXXApplication in 3.218 seconds (JVM running for 4.242)
2025-02-24 15:48:12.402 [main] INFO  com.qxxjl.wed.QXXApplication - 
	----------------------------------------------------------
	Application nbwater is running! Access URLs:
	Local: 		http://localhost:1000
	External: 	http://10.50.7.22:1000
	Knife4j:  	http://10.50.7.22:1000/doc.html
	----------------------------------------------------------
2025-02-24 15:48:46.871 [http-nio-1000-exec-1] INFO  org.apache.tomcat.util.http.parser.Cookie - A cookie header was received [1723513217] that contained an invalid cookie. That cookie will be ignored.
 Note: further occurrences of this error will be logged at DEBUG level.
2025-02-24 15:48:46.883 [http-nio-1000-exec-1] INFO  o.a.c.core.ContainerBase.[Tomcat].[localhost].[/] - Initializing Spring DispatcherServlet 'dispatcherServlet'
2025-02-24 15:48:46.883 [http-nio-1000-exec-1] INFO  org.springframework.web.servlet.DispatcherServlet - Initializing Servlet 'dispatcherServlet'
2025-02-24 15:48:46.885 [http-nio-1000-exec-1] INFO  org.springframework.web.servlet.DispatcherServlet - Completed initialization in 1 ms
2025-02-24 16:04:54.412 [background-preinit] INFO  org.hibernate.validator.internal.util.Version - HV000001: Hibernate Validator 6.2.0.Final
2025-02-24 16:04:54.416 [main] INFO  com.qxxjl.wed.QXXApplication - Starting QXXApplication using Java 1.8.0_92 on DESKTOP-12LKTUN with PID 17548 (D:\java_project\QXX&&JL\target\classes started by jinlong in D:\java_project\QXX&&JL)
2025-02-24 16:04:54.416 [main] INFO  com.qxxjl.wed.QXXApplication - The following profiles are active: dev
2025-02-24 16:04:55.088 [main] INFO  o.s.d.r.config.RepositoryConfigurationDelegate - Multiple Spring Data modules found, entering strict repository configuration mode!
2025-02-24 16:04:55.090 [main] INFO  o.s.d.r.config.RepositoryConfigurationDelegate - Bootstrapping Spring Data Redis repositories in DEFAULT mode.
2025-02-24 16:04:55.106 [main] INFO  o.s.d.r.config.RepositoryConfigurationDelegate - Finished Spring Data repository scanning in 6 ms. Found 0 Redis repository interfaces.
2025-02-24 16:04:55.549 [main] INFO  o.s.boot.web.embedded.tomcat.TomcatWebServer - Tomcat initialized with port(s): 1000 (http)
2025-02-24 16:04:55.588 [main] INFO  org.apache.coyote.http11.Http11NioProtocol - Initializing ProtocolHandler ["http-nio-1000"]
2025-02-24 16:04:55.589 [main] INFO  org.apache.catalina.core.StandardService - Starting service [Tomcat]
2025-02-24 16:04:55.589 [main] INFO  org.apache.catalina.core.StandardEngine - Starting Servlet engine: [Apache Tomcat/9.0.54]
2025-02-24 16:04:55.738 [main] INFO  o.a.c.core.ContainerBase.[Tomcat].[localhost].[/] - Initializing Spring embedded WebApplicationContext
2025-02-24 16:04:55.738 [main] INFO  o.s.b.w.s.c.ServletWebServerApplicationContext - Root WebApplicationContext: initialization completed in 1268 ms
2025-02-24 16:04:56.749 [main] INFO  org.apache.coyote.http11.Http11NioProtocol - Starting ProtocolHandler ["http-nio-1000"]
2025-02-24 16:04:56.757 [main] INFO  o.s.boot.web.embedded.tomcat.TomcatWebServer - Tomcat started on port(s): 1000 (http) with context path ''
2025-02-24 16:04:56.902 [main] INFO  com.qxxjl.wed.QXXApplication - Started QXXApplication in 2.934 seconds (JVM running for 3.675)
2025-02-24 16:04:56.905 [main] INFO  com.qxxjl.wed.QXXApplication - 
	----------------------------------------------------------
	Application nbwater is running! Access URLs:
	Local: 		http://localhost:1000
	External: 	http://10.50.7.22:1000
	Knife4j:  	http://10.50.7.22:1000/doc.html
	----------------------------------------------------------
2025-02-24 16:04:59.173 [http-nio-1000-exec-1] INFO  org.apache.tomcat.util.http.parser.Cookie - A cookie header was received [1723513217] that contained an invalid cookie. That cookie will be ignored.
 Note: further occurrences of this error will be logged at DEBUG level.
2025-02-24 16:04:59.178 [http-nio-1000-exec-1] INFO  o.a.c.core.ContainerBase.[Tomcat].[localhost].[/] - Initializing Spring DispatcherServlet 'dispatcherServlet'
2025-02-24 16:04:59.179 [http-nio-1000-exec-1] INFO  org.springframework.web.servlet.DispatcherServlet - Initializing Servlet 'dispatcherServlet'
2025-02-24 16:04:59.180 [http-nio-1000-exec-1] INFO  org.springframework.web.servlet.DispatcherServlet - Completed initialization in 1 ms
2025-02-24 16:05:19.348 [http-nio-1000-exec-4] INFO  com.qxxjl.wed.controller.PhotoController - 用户登录： userLoginDTO:111
2025-02-24 16:06:07.583 [http-nio-1000-exec-6] INFO  com.qxxjl.wed.controller.PhotoController - 用户登录： userLoginDTO:111
2025-02-24 16:37:01.418 [background-preinit] INFO  org.hibernate.validator.internal.util.Version - HV000001: Hibernate Validator 6.2.0.Final
2025-02-24 16:37:01.422 [main] INFO  com.qxxjl.wed.QXXApplication - Starting QXXApplication using Java 1.8.0_92 on DESKTOP-12LKTUN with PID 5116 (D:\java_project\QXX&&JL\target\classes started by jinlong in D:\java_project\QXX&&JL)
2025-02-24 16:37:01.422 [main] INFO  com.qxxjl.wed.QXXApplication - The following profiles are active: dev
2025-02-24 16:37:02.637 [main] INFO  o.s.d.r.config.RepositoryConfigurationDelegate - Multiple Spring Data modules found, entering strict repository configuration mode!
2025-02-24 16:37:02.639 [main] INFO  o.s.d.r.config.RepositoryConfigurationDelegate - Bootstrapping Spring Data Redis repositories in DEFAULT mode.
2025-02-24 16:37:02.658 [main] INFO  o.s.d.r.config.RepositoryConfigurationDelegate - Finished Spring Data repository scanning in 7 ms. Found 0 Redis repository interfaces.
2025-02-24 16:37:03.244 [main] INFO  o.s.boot.web.embedded.tomcat.TomcatWebServer - Tomcat initialized with port(s): 1000 (http)
2025-02-24 16:37:03.292 [main] INFO  org.apache.coyote.http11.Http11NioProtocol - Initializing ProtocolHandler ["http-nio-1000"]
2025-02-24 16:37:03.293 [main] INFO  org.apache.catalina.core.StandardService - Starting service [Tomcat]
2025-02-24 16:37:03.293 [main] INFO  org.apache.catalina.core.StandardEngine - Starting Servlet engine: [Apache Tomcat/9.0.54]
2025-02-24 16:37:03.401 [main] INFO  o.a.c.core.ContainerBase.[Tomcat].[localhost].[/] - Initializing Spring embedded WebApplicationContext
2025-02-24 16:37:03.401 [main] INFO  o.s.b.w.s.c.ServletWebServerApplicationContext - Root WebApplicationContext: initialization completed in 1929 ms
2025-02-24 16:37:04.683 [main] INFO  org.apache.coyote.http11.Http11NioProtocol - Starting ProtocolHandler ["http-nio-1000"]
2025-02-24 16:37:04.690 [main] INFO  o.s.boot.web.embedded.tomcat.TomcatWebServer - Tomcat started on port(s): 1000 (http) with context path ''
2025-02-24 16:37:04.837 [main] INFO  com.qxxjl.wed.QXXApplication - Started QXXApplication in 3.844 seconds (JVM running for 4.547)
2025-02-24 16:37:04.840 [main] INFO  com.qxxjl.wed.QXXApplication - 
	----------------------------------------------------------
	Application nbwater is running! Access URLs:
	Local: 		http://localhost:1000
	External: 	http://10.50.7.22:1000
	Knife4j:  	http://10.50.7.22:1000/doc.html
	----------------------------------------------------------
2025-02-24 16:37:07.968 [http-nio-1000-exec-1] INFO  o.a.c.core.ContainerBase.[Tomcat].[localhost].[/] - Initializing Spring DispatcherServlet 'dispatcherServlet'
2025-02-24 16:37:07.968 [http-nio-1000-exec-1] INFO  org.springframework.web.servlet.DispatcherServlet - Initializing Servlet 'dispatcherServlet'
2025-02-24 16:37:07.969 [http-nio-1000-exec-1] INFO  org.springframework.web.servlet.DispatcherServlet - Completed initialization in 1 ms
2025-02-24 16:37:07.986 [http-nio-1000-exec-1] INFO  com.qxxjl.wed.controller.PhotoController - 用户登录： userLoginDTO:111
2025-02-24 17:08:03.562 [main] INFO  com.qxxjl.wed.QXXApplication - Starting QXXApplication using Java 1.8.0_92 on DESKTOP-12LKTUN with PID 17536 (D:\java_project\QXX&&JL\target\classes started by jinlong in D:\java_project\QXX&&JL)
2025-02-24 17:08:03.561 [background-preinit] INFO  org.hibernate.validator.internal.util.Version - HV000001: Hibernate Validator 6.2.0.Final
2025-02-24 17:08:03.564 [main] INFO  com.qxxjl.wed.QXXApplication - The following profiles are active: dev
2025-02-24 17:08:04.246 [main] INFO  o.s.d.r.config.RepositoryConfigurationDelegate - Multiple Spring Data modules found, entering strict repository configuration mode!
2025-02-24 17:08:04.248 [main] INFO  o.s.d.r.config.RepositoryConfigurationDelegate - Bootstrapping Spring Data Redis repositories in DEFAULT mode.
2025-02-24 17:08:04.266 [main] INFO  o.s.d.r.config.RepositoryConfigurationDelegate - Finished Spring Data repository scanning in 6 ms. Found 0 Redis repository interfaces.
2025-02-24 17:08:04.799 [main] INFO  o.s.boot.web.embedded.tomcat.TomcatWebServer - Tomcat initialized with port(s): 1000 (http)
2025-02-24 17:08:04.838 [main] INFO  org.apache.coyote.http11.Http11NioProtocol - Initializing ProtocolHandler ["http-nio-1000"]
2025-02-24 17:08:04.838 [main] INFO  org.apache.catalina.core.StandardService - Starting service [Tomcat]
2025-02-24 17:08:04.839 [main] INFO  org.apache.catalina.core.StandardEngine - Starting Servlet engine: [Apache Tomcat/9.0.54]
2025-02-24 17:08:04.985 [main] INFO  o.a.c.core.ContainerBase.[Tomcat].[localhost].[/] - Initializing Spring embedded WebApplicationContext
2025-02-24 17:08:04.985 [main] INFO  o.s.b.w.s.c.ServletWebServerApplicationContext - Root WebApplicationContext: initialization completed in 1366 ms
2025-02-24 17:08:06.056 [main] INFO  org.apache.coyote.http11.Http11NioProtocol - Starting ProtocolHandler ["http-nio-1000"]
2025-02-24 17:08:06.065 [main] INFO  o.s.boot.web.embedded.tomcat.TomcatWebServer - Tomcat started on port(s): 1000 (http) with context path ''
2025-02-24 17:08:06.213 [main] INFO  com.qxxjl.wed.QXXApplication - Started QXXApplication in 3.133 seconds (JVM running for 3.783)
2025-02-24 17:08:06.216 [main] INFO  com.qxxjl.wed.QXXApplication - 
	----------------------------------------------------------
	Application nbwater is running! Access URLs:
	Local: 		http://localhost:1000
	External: 	http://10.50.7.22:1000
	Knife4j:  	http://10.50.7.22:1000/doc.html
	----------------------------------------------------------
2025-02-24 17:08:15.841 [http-nio-1000-exec-1] INFO  o.a.c.core.ContainerBase.[Tomcat].[localhost].[/] - Initializing Spring DispatcherServlet 'dispatcherServlet'
2025-02-24 17:08:15.841 [http-nio-1000-exec-1] INFO  org.springframework.web.servlet.DispatcherServlet - Initializing Servlet 'dispatcherServlet'
2025-02-24 17:08:15.843 [http-nio-1000-exec-1] INFO  org.springframework.web.servlet.DispatcherServlet - Completed initialization in 2 ms
2025-02-24 17:09:08.132 [background-preinit] INFO  org.hibernate.validator.internal.util.Version - HV000001: Hibernate Validator 6.2.0.Final
2025-02-24 17:09:08.136 [main] INFO  com.qxxjl.wed.QXXApplication - Starting QXXApplication using Java 1.8.0_92 on DESKTOP-12LKTUN with PID 24600 (D:\java_project\QXX&&JL\target\classes started by jinlong in D:\java_project\QXX&&JL)
2025-02-24 17:09:08.136 [main] INFO  com.qxxjl.wed.QXXApplication - The following profiles are active: dev
2025-02-24 17:09:08.804 [main] INFO  o.s.d.r.config.RepositoryConfigurationDelegate - Multiple Spring Data modules found, entering strict repository configuration mode!
2025-02-24 17:09:08.806 [main] INFO  o.s.d.r.config.RepositoryConfigurationDelegate - Bootstrapping Spring Data Redis repositories in DEFAULT mode.
2025-02-24 17:09:08.824 [main] INFO  o.s.d.r.config.RepositoryConfigurationDelegate - Finished Spring Data repository scanning in 6 ms. Found 0 Redis repository interfaces.
2025-02-24 17:09:09.299 [main] INFO  o.s.boot.web.embedded.tomcat.TomcatWebServer - Tomcat initialized with port(s): 1000 (http)
2025-02-24 17:09:09.307 [main] INFO  org.apache.coyote.http11.Http11NioProtocol - Initializing ProtocolHandler ["http-nio-1000"]
2025-02-24 17:09:09.308 [main] INFO  org.apache.catalina.core.StandardService - Starting service [Tomcat]
2025-02-24 17:09:09.308 [main] INFO  org.apache.catalina.core.StandardEngine - Starting Servlet engine: [Apache Tomcat/9.0.54]
2025-02-24 17:09:09.403 [main] INFO  o.a.c.core.ContainerBase.[Tomcat].[localhost].[/] - Initializing Spring embedded WebApplicationContext
2025-02-24 17:09:09.403 [main] INFO  o.s.b.w.s.c.ServletWebServerApplicationContext - Root WebApplicationContext: initialization completed in 1215 ms
2025-02-24 17:09:10.408 [main] INFO  org.apache.coyote.http11.Http11NioProtocol - Starting ProtocolHandler ["http-nio-1000"]
2025-02-24 17:09:10.415 [main] INFO  o.s.boot.web.embedded.tomcat.TomcatWebServer - Tomcat started on port(s): 1000 (http) with context path ''
2025-02-24 17:09:10.548 [main] INFO  com.qxxjl.wed.QXXApplication - Started QXXApplication in 2.805 seconds (JVM running for 3.439)
2025-02-24 17:09:10.551 [main] INFO  com.qxxjl.wed.QXXApplication - 
	----------------------------------------------------------
	Application nbwater is running! Access URLs:
	Local: 		http://localhost:1000
	External: 	http://10.50.7.22:1000
	Knife4j:  	http://10.50.7.22:1000/doc.html
	----------------------------------------------------------
2025-02-24 17:09:13.065 [http-nio-1000-exec-1] INFO  o.a.c.core.ContainerBase.[Tomcat].[localhost].[/] - Initializing Spring DispatcherServlet 'dispatcherServlet'
2025-02-24 17:09:13.065 [http-nio-1000-exec-1] INFO  org.springframework.web.servlet.DispatcherServlet - Initializing Servlet 'dispatcherServlet'
2025-02-24 17:09:13.066 [http-nio-1000-exec-1] INFO  org.springframework.web.servlet.DispatcherServlet - Completed initialization in 1 ms
2025-02-24 17:09:59.763 [background-preinit] INFO  org.hibernate.validator.internal.util.Version - HV000001: Hibernate Validator 6.2.0.Final
2025-02-24 17:09:59.765 [main] INFO  com.qxxjl.wed.QXXApplication - Starting QXXApplication using Java 1.8.0_92 on DESKTOP-12LKTUN with PID 1988 (D:\java_project\QXX&&JL\target\classes started by jinlong in D:\java_project\QXX&&JL)
2025-02-24 17:09:59.766 [main] INFO  com.qxxjl.wed.QXXApplication - The following profiles are active: dev
2025-02-24 17:10:00.458 [main] INFO  o.s.d.r.config.RepositoryConfigurationDelegate - Multiple Spring Data modules found, entering strict repository configuration mode!
2025-02-24 17:10:00.460 [main] INFO  o.s.d.r.config.RepositoryConfigurationDelegate - Bootstrapping Spring Data Redis repositories in DEFAULT mode.
2025-02-24 17:10:00.490 [main] INFO  o.s.d.r.config.RepositoryConfigurationDelegate - Finished Spring Data repository scanning in 16 ms. Found 0 Redis repository interfaces.
2025-02-24 17:10:00.979 [main] INFO  o.s.boot.web.embedded.tomcat.TomcatWebServer - Tomcat initialized with port(s): 1000 (http)
2025-02-24 17:10:00.986 [main] INFO  org.apache.coyote.http11.Http11NioProtocol - Initializing ProtocolHandler ["http-nio-1000"]
2025-02-24 17:10:00.987 [main] INFO  org.apache.catalina.core.StandardService - Starting service [Tomcat]
2025-02-24 17:10:00.987 [main] INFO  org.apache.catalina.core.StandardEngine - Starting Servlet engine: [Apache Tomcat/9.0.54]
2025-02-24 17:10:01.086 [main] INFO  o.a.c.core.ContainerBase.[Tomcat].[localhost].[/] - Initializing Spring embedded WebApplicationContext
2025-02-24 17:10:01.086 [main] INFO  o.s.b.w.s.c.ServletWebServerApplicationContext - Root WebApplicationContext: initialization completed in 1270 ms
2025-02-24 17:10:02.120 [main] INFO  org.apache.coyote.http11.Http11NioProtocol - Starting ProtocolHandler ["http-nio-1000"]
2025-02-24 17:10:02.125 [main] INFO  o.s.boot.web.embedded.tomcat.TomcatWebServer - Tomcat started on port(s): 1000 (http) with context path ''
2025-02-24 17:10:02.262 [main] INFO  com.qxxjl.wed.QXXApplication - Started QXXApplication in 2.926 seconds (JVM running for 3.606)
2025-02-24 17:10:02.265 [main] INFO  com.qxxjl.wed.QXXApplication - 
	----------------------------------------------------------
	Application nbwater is running! Access URLs:
	Local: 		http://localhost:1000
	External: 	http://10.50.7.22:1000
	Knife4j:  	http://10.50.7.22:1000/doc.html
	----------------------------------------------------------
2025-02-24 17:10:12.788 [http-nio-1000-exec-1] INFO  o.a.c.core.ContainerBase.[Tomcat].[localhost].[/] - Initializing Spring DispatcherServlet 'dispatcherServlet'
2025-02-24 17:10:12.788 [http-nio-1000-exec-1] INFO  org.springframework.web.servlet.DispatcherServlet - Initializing Servlet 'dispatcherServlet'
2025-02-24 17:10:12.789 [http-nio-1000-exec-1] INFO  org.springframework.web.servlet.DispatcherServlet - Completed initialization in 0 ms
2025-02-24 17:11:28.977 [background-preinit] INFO  org.hibernate.validator.internal.util.Version - HV000001: Hibernate Validator 6.2.0.Final
2025-02-24 17:11:28.983 [main] INFO  com.qxxjl.wed.QXXApplication - Starting QXXApplication using Java 1.8.0_92 on DESKTOP-12LKTUN with PID 24892 (D:\java_project\QXX&&JL\target\classes started by jinlong in D:\java_project\QXX&&JL)
2025-02-24 17:11:28.983 [main] INFO  com.qxxjl.wed.QXXApplication - The following profiles are active: dev
2025-02-24 17:11:29.682 [main] INFO  o.s.d.r.config.RepositoryConfigurationDelegate - Multiple Spring Data modules found, entering strict repository configuration mode!
2025-02-24 17:11:29.683 [main] INFO  o.s.d.r.config.RepositoryConfigurationDelegate - Bootstrapping Spring Data Redis repositories in DEFAULT mode.
2025-02-24 17:11:29.701 [main] INFO  o.s.d.r.config.RepositoryConfigurationDelegate - Finished Spring Data repository scanning in 6 ms. Found 0 Redis repository interfaces.
2025-02-24 17:11:30.176 [main] INFO  o.s.boot.web.embedded.tomcat.TomcatWebServer - Tomcat initialized with port(s): 1000 (http)
2025-02-24 17:11:30.182 [main] INFO  org.apache.coyote.http11.Http11NioProtocol - Initializing ProtocolHandler ["http-nio-1000"]
2025-02-24 17:11:30.183 [main] INFO  org.apache.catalina.core.StandardService - Starting service [Tomcat]
2025-02-24 17:11:30.183 [main] INFO  org.apache.catalina.core.StandardEngine - Starting Servlet engine: [Apache Tomcat/9.0.54]
2025-02-24 17:11:30.278 [main] INFO  o.a.c.core.ContainerBase.[Tomcat].[localhost].[/] - Initializing Spring embedded WebApplicationContext
2025-02-24 17:11:30.278 [main] INFO  o.s.b.w.s.c.ServletWebServerApplicationContext - Root WebApplicationContext: initialization completed in 1240 ms
2025-02-24 17:11:31.299 [main] INFO  org.apache.coyote.http11.Http11NioProtocol - Starting ProtocolHandler ["http-nio-1000"]
2025-02-24 17:11:31.306 [main] INFO  o.s.boot.web.embedded.tomcat.TomcatWebServer - Tomcat started on port(s): 1000 (http) with context path ''
2025-02-24 17:11:31.438 [main] INFO  com.qxxjl.wed.QXXApplication - Started QXXApplication in 2.872 seconds (JVM running for 3.526)
2025-02-24 17:11:31.441 [main] INFO  com.qxxjl.wed.QXXApplication - 
	----------------------------------------------------------
	Application nbwater is running! Access URLs:
	Local: 		http://localhost:1000
	External: 	http://10.50.7.22:1000
	Knife4j:  	http://10.50.7.22:1000/doc.html
	----------------------------------------------------------
2025-02-24 17:11:35.287 [http-nio-1000-exec-1] INFO  o.a.c.core.ContainerBase.[Tomcat].[localhost].[/] - Initializing Spring DispatcherServlet 'dispatcherServlet'
2025-02-24 17:11:35.287 [http-nio-1000-exec-1] INFO  org.springframework.web.servlet.DispatcherServlet - Initializing Servlet 'dispatcherServlet'
2025-02-24 17:11:35.288 [http-nio-1000-exec-1] INFO  org.springframework.web.servlet.DispatcherServlet - Completed initialization in 1 ms
2025-02-24 17:13:01.328 [main] INFO  com.qxxjl.wed.QXXApplication - Starting QXXApplication using Java 1.8.0_92 on DESKTOP-12LKTUN with PID 19624 (D:\java_project\QXX&&JL\target\classes started by jinlong in D:\java_project\QXX&&JL)
2025-02-24 17:13:01.325 [background-preinit] INFO  org.hibernate.validator.internal.util.Version - HV000001: Hibernate Validator 6.2.0.Final
2025-02-24 17:13:01.329 [main] INFO  com.qxxjl.wed.QXXApplication - The following profiles are active: dev
2025-02-24 17:13:02.028 [main] INFO  o.s.d.r.config.RepositoryConfigurationDelegate - Multiple Spring Data modules found, entering strict repository configuration mode!
2025-02-24 17:13:02.029 [main] INFO  o.s.d.r.config.RepositoryConfigurationDelegate - Bootstrapping Spring Data Redis repositories in DEFAULT mode.
2025-02-24 17:13:02.049 [main] INFO  o.s.d.r.config.RepositoryConfigurationDelegate - Finished Spring Data repository scanning in 7 ms. Found 0 Redis repository interfaces.
2025-02-24 17:13:02.486 [main] INFO  o.s.boot.web.embedded.tomcat.TomcatWebServer - Tomcat initialized with port(s): 1000 (http)
2025-02-24 17:13:02.525 [main] INFO  org.apache.coyote.http11.Http11NioProtocol - Initializing ProtocolHandler ["http-nio-1000"]
2025-02-24 17:13:02.525 [main] INFO  org.apache.catalina.core.StandardService - Starting service [Tomcat]
2025-02-24 17:13:02.525 [main] INFO  org.apache.catalina.core.StandardEngine - Starting Servlet engine: [Apache Tomcat/9.0.54]
2025-02-24 17:13:02.618 [main] INFO  o.a.c.core.ContainerBase.[Tomcat].[localhost].[/] - Initializing Spring embedded WebApplicationContext
2025-02-24 17:13:02.618 [main] INFO  o.s.b.w.s.c.ServletWebServerApplicationContext - Root WebApplicationContext: initialization completed in 1238 ms
2025-02-24 17:13:03.660 [main] INFO  org.apache.coyote.http11.Http11NioProtocol - Starting ProtocolHandler ["http-nio-1000"]
2025-02-24 17:13:03.667 [main] INFO  o.s.boot.web.embedded.tomcat.TomcatWebServer - Tomcat started on port(s): 1000 (http) with context path ''
2025-02-24 17:13:03.807 [main] INFO  com.qxxjl.wed.QXXApplication - Started QXXApplication in 2.889 seconds (JVM running for 3.532)
2025-02-24 17:13:03.810 [main] INFO  com.qxxjl.wed.QXXApplication - 
	----------------------------------------------------------
	Application nbwater is running! Access URLs:
	Local: 		http://localhost:1000
	External: 	http://10.50.7.22:1000
	Knife4j:  	http://10.50.7.22:1000/doc.html
	----------------------------------------------------------
2025-02-24 17:13:05.668 [http-nio-1000-exec-1] INFO  o.a.c.core.ContainerBase.[Tomcat].[localhost].[/] - Initializing Spring DispatcherServlet 'dispatcherServlet'
2025-02-24 17:13:05.669 [http-nio-1000-exec-1] INFO  org.springframework.web.servlet.DispatcherServlet - Initializing Servlet 'dispatcherServlet'
2025-02-24 17:13:05.670 [http-nio-1000-exec-1] INFO  org.springframework.web.servlet.DispatcherServlet - Completed initialization in 1 ms
2025-02-24 17:14:03.670 [main] INFO  com.qxxjl.wed.QXXApplication - Starting QXXApplication using Java 1.8.0_92 on DESKTOP-12LKTUN with PID 16724 (D:\java_project\QXX&&JL\target\classes started by jinlong in D:\java_project\QXX&&JL)
2025-02-24 17:14:03.668 [background-preinit] INFO  org.hibernate.validator.internal.util.Version - HV000001: Hibernate Validator 6.2.0.Final
2025-02-24 17:14:03.671 [main] INFO  com.qxxjl.wed.QXXApplication - The following profiles are active: dev
2025-02-24 17:14:04.331 [main] INFO  o.s.d.r.config.RepositoryConfigurationDelegate - Multiple Spring Data modules found, entering strict repository configuration mode!
2025-02-24 17:14:04.333 [main] INFO  o.s.d.r.config.RepositoryConfigurationDelegate - Bootstrapping Spring Data Redis repositories in DEFAULT mode.
2025-02-24 17:14:04.350 [main] INFO  o.s.d.r.config.RepositoryConfigurationDelegate - Finished Spring Data repository scanning in 6 ms. Found 0 Redis repository interfaces.
2025-02-24 17:14:04.792 [main] INFO  o.s.boot.web.embedded.tomcat.TomcatWebServer - Tomcat initialized with port(s): 1000 (http)
2025-02-24 17:14:04.830 [main] INFO  org.apache.coyote.http11.Http11NioProtocol - Initializing ProtocolHandler ["http-nio-1000"]
2025-02-24 17:14:04.831 [main] INFO  org.apache.catalina.core.StandardService - Starting service [Tomcat]
2025-02-24 17:14:04.831 [main] INFO  org.apache.catalina.core.StandardEngine - Starting Servlet engine: [Apache Tomcat/9.0.54]
2025-02-24 17:14:04.922 [main] INFO  o.a.c.core.ContainerBase.[Tomcat].[localhost].[/] - Initializing Spring embedded WebApplicationContext
2025-02-24 17:14:04.922 [main] INFO  o.s.b.w.s.c.ServletWebServerApplicationContext - Root WebApplicationContext: initialization completed in 1203 ms
2025-02-24 17:14:05.921 [main] INFO  org.apache.coyote.http11.Http11NioProtocol - Starting ProtocolHandler ["http-nio-1000"]
2025-02-24 17:14:05.928 [main] INFO  o.s.boot.web.embedded.tomcat.TomcatWebServer - Tomcat started on port(s): 1000 (http) with context path ''
2025-02-24 17:14:06.062 [main] INFO  com.qxxjl.wed.QXXApplication - Started QXXApplication in 2.784 seconds (JVM running for 3.416)
2025-02-24 17:14:06.064 [main] INFO  com.qxxjl.wed.QXXApplication - 
	----------------------------------------------------------
	Application nbwater is running! Access URLs:
	Local: 		http://localhost:1000
	External: 	http://10.50.7.22:1000
	Knife4j:  	http://10.50.7.22:1000/doc.html
	----------------------------------------------------------
2025-02-24 17:14:08.912 [http-nio-1000-exec-1] INFO  o.a.c.core.ContainerBase.[Tomcat].[localhost].[/] - Initializing Spring DispatcherServlet 'dispatcherServlet'
2025-02-24 17:14:08.913 [http-nio-1000-exec-1] INFO  org.springframework.web.servlet.DispatcherServlet - Initializing Servlet 'dispatcherServlet'
2025-02-24 17:14:08.914 [http-nio-1000-exec-1] INFO  org.springframework.web.servlet.DispatcherServlet - Completed initialization in 1 ms
2025-02-24 17:16:05.364 [background-preinit] INFO  org.hibernate.validator.internal.util.Version - HV000001: Hibernate Validator 6.2.0.Final
2025-02-24 17:16:05.368 [main] INFO  com.qxxjl.wed.QXXApplication - Starting QXXApplication using Java 1.8.0_92 on DESKTOP-12LKTUN with PID 15220 (D:\java_project\QXX&&JL\target\classes started by jinlong in D:\java_project\QXX&&JL)
2025-02-24 17:16:05.369 [main] INFO  com.qxxjl.wed.QXXApplication - The following profiles are active: dev
2025-02-24 17:16:06.076 [main] INFO  o.s.d.r.config.RepositoryConfigurationDelegate - Multiple Spring Data modules found, entering strict repository configuration mode!
2025-02-24 17:16:06.078 [main] INFO  o.s.d.r.config.RepositoryConfigurationDelegate - Bootstrapping Spring Data Redis repositories in DEFAULT mode.
2025-02-24 17:16:06.097 [main] INFO  o.s.d.r.config.RepositoryConfigurationDelegate - Finished Spring Data repository scanning in 7 ms. Found 0 Redis repository interfaces.
2025-02-24 17:16:06.546 [main] INFO  o.s.boot.web.embedded.tomcat.TomcatWebServer - Tomcat initialized with port(s): 1000 (http)
2025-02-24 17:16:06.588 [main] INFO  org.apache.coyote.http11.Http11NioProtocol - Initializing ProtocolHandler ["http-nio-1000"]
2025-02-24 17:16:06.588 [main] INFO  org.apache.catalina.core.StandardService - Starting service [Tomcat]
2025-02-24 17:16:06.589 [main] INFO  org.apache.catalina.core.StandardEngine - Starting Servlet engine: [Apache Tomcat/9.0.54]
2025-02-24 17:16:06.737 [main] INFO  o.a.c.core.ContainerBase.[Tomcat].[localhost].[/] - Initializing Spring embedded WebApplicationContext
2025-02-24 17:16:06.737 [main] INFO  o.s.b.w.s.c.ServletWebServerApplicationContext - Root WebApplicationContext: initialization completed in 1316 ms
2025-02-24 17:16:07.723 [main] INFO  org.apache.coyote.http11.Http11NioProtocol - Starting ProtocolHandler ["http-nio-1000"]
2025-02-24 17:16:07.729 [main] INFO  o.s.boot.web.embedded.tomcat.TomcatWebServer - Tomcat started on port(s): 1000 (http) with context path ''
2025-02-24 17:16:07.873 [main] INFO  com.qxxjl.wed.QXXApplication - Started QXXApplication in 2.907 seconds (JVM running for 3.532)
2025-02-24 17:16:07.875 [main] INFO  com.qxxjl.wed.QXXApplication - 
	----------------------------------------------------------
	Application nbwater is running! Access URLs:
	Local: 		http://localhost:1000
	External: 	http://10.50.7.22:1000
	Knife4j:  	http://10.50.7.22:1000/doc.html
	----------------------------------------------------------
2025-02-24 17:16:16.326 [http-nio-1000-exec-1] INFO  o.a.c.core.ContainerBase.[Tomcat].[localhost].[/] - Initializing Spring DispatcherServlet 'dispatcherServlet'
2025-02-24 17:16:16.326 [http-nio-1000-exec-1] INFO  org.springframework.web.servlet.DispatcherServlet - Initializing Servlet 'dispatcherServlet'
2025-02-24 17:16:16.327 [http-nio-1000-exec-1] INFO  org.springframework.web.servlet.DispatcherServlet - Completed initialization in 1 ms
2025-02-24 17:16:16.344 [http-nio-1000-exec-1] INFO  com.qxxjl.wed.controller.PhotoController - 22
2025-02-24 17:17:06.727 [background-preinit] INFO  org.hibernate.validator.internal.util.Version - HV000001: Hibernate Validator 6.2.0.Final
2025-02-24 17:17:06.732 [main] INFO  com.qxxjl.wed.QXXApplication - Starting QXXApplication using Java 1.8.0_92 on DESKTOP-12LKTUN with PID 17344 (D:\java_project\QXX&&JL\target\classes started by jinlong in D:\java_project\QXX&&JL)
2025-02-24 17:17:06.732 [main] INFO  com.qxxjl.wed.QXXApplication - The following profiles are active: dev
2025-02-24 17:17:07.403 [main] INFO  o.s.d.r.config.RepositoryConfigurationDelegate - Multiple Spring Data modules found, entering strict repository configuration mode!
2025-02-24 17:17:07.405 [main] INFO  o.s.d.r.config.RepositoryConfigurationDelegate - Bootstrapping Spring Data Redis repositories in DEFAULT mode.
2025-02-24 17:17:07.422 [main] INFO  o.s.d.r.config.RepositoryConfigurationDelegate - Finished Spring Data repository scanning in 6 ms. Found 0 Redis repository interfaces.
2025-02-24 17:17:07.863 [main] INFO  o.s.boot.web.embedded.tomcat.TomcatWebServer - Tomcat initialized with port(s): 1000 (http)
2025-02-24 17:17:07.904 [main] INFO  org.apache.coyote.http11.Http11NioProtocol - Initializing ProtocolHandler ["http-nio-1000"]
2025-02-24 17:17:07.904 [main] INFO  org.apache.catalina.core.StandardService - Starting service [Tomcat]
2025-02-24 17:17:07.904 [main] INFO  org.apache.catalina.core.StandardEngine - Starting Servlet engine: [Apache Tomcat/9.0.54]
2025-02-24 17:17:08.002 [main] INFO  o.a.c.core.ContainerBase.[Tomcat].[localhost].[/] - Initializing Spring embedded WebApplicationContext
2025-02-24 17:17:08.002 [main] INFO  o.s.b.w.s.c.ServletWebServerApplicationContext - Root WebApplicationContext: initialization completed in 1218 ms
2025-02-24 17:17:09.045 [main] INFO  org.apache.coyote.http11.Http11NioProtocol - Starting ProtocolHandler ["http-nio-1000"]
2025-02-24 17:17:09.051 [main] INFO  o.s.boot.web.embedded.tomcat.TomcatWebServer - Tomcat started on port(s): 1000 (http) with context path ''
2025-02-24 17:17:09.186 [main] INFO  com.qxxjl.wed.QXXApplication - Started QXXApplication in 2.831 seconds (JVM running for 3.473)
2025-02-24 17:17:09.189 [main] INFO  com.qxxjl.wed.QXXApplication - 
	----------------------------------------------------------
	Application nbwater is running! Access URLs:
	Local: 		http://localhost:1000
	External: 	http://10.50.7.22:1000
	Knife4j:  	http://10.50.7.22:1000/doc.html
	----------------------------------------------------------
2025-02-24 17:17:47.443 [http-nio-1000-exec-1] INFO  o.a.c.core.ContainerBase.[Tomcat].[localhost].[/] - Initializing Spring DispatcherServlet 'dispatcherServlet'
2025-02-24 17:17:47.443 [http-nio-1000-exec-1] INFO  org.springframework.web.servlet.DispatcherServlet - Initializing Servlet 'dispatcherServlet'
2025-02-24 17:17:47.444 [http-nio-1000-exec-1] INFO  org.springframework.web.servlet.DispatcherServlet - Completed initialization in 0 ms
2025-02-24 17:17:47.459 [http-nio-1000-exec-1] INFO  com.qxxjl.wed.controller.PhotoController - 22
